# JRE version: Java(TM) SE Runtime Environment 18.9 (11.0.7+8) (build 11.0.7+8-LTS)
# Java VM: Java HotSpot(TM) 64-Bit Server VM 18.9 (11.0.7+8-LTS, mixed mode, tiered, compressed oops, g1 gc, windows-amd64)
Heap:
 garbage-first heap   total 227328K, used 78358K [0x0000000081e00000, 0x0000000100000000)
  region size 1024K, 44 young (45056K), 12 survivors (12288K)
 Metaspace       used 74114K, capacity 76052K, committed 76116K, reserved 1116160K
  class space    used 9679K, capacity 10440K, committed 10444K, reserved 1048576K
GC Heap History (10 events):
Event: 4.253 GC heap before
{Heap before GC invocations=13 (full 0):
 garbage-first heap   total 189440K, used 115380K [0x0000000081e00000, 0x0000000100000000)
  region size 1024K, 91 young (93184K), 7 survivors (7168K)
 Metaspace       used 40557K, capacity 41896K, committed 42160K, reserved 1085440K
  class space    used 5037K, capacity 5568K, committed 5632K, reserved 1048576K
}
Event: 4.258 GC heap after
{Heap after GC invocations=14 (full 0):
 garbage-first heap   total 189440K, used 32145K [0x0000000081e00000, 0x0000000100000000)
  region size 1024K, 9 young (9216K), 9 survivors (9216K)
 Metaspace       used 40557K, capacity 41896K, committed 42160K, reserved 1085440K
  class space    used 5037K, capacity 5568K, committed 5632K, reserved 1048576K
}
Event: 4.794 GC heap before
{Heap before GC invocations=14 (full 0):
 garbage-first heap   total 189440K, used 127377K [0x0000000081e00000, 0x0000000100000000)
  region size 1024K, 102 young (104448K), 9 survivors (9216K)
 Metaspace       used 50427K, capacity 51947K, committed 52272K, reserved 1095680K
  class space    used 6370K, capacity 6954K, committed 7040K, reserved 1048576K
}
Event: 4.802 GC heap after
{Heap after GC invocations=15 (full 0):
 garbage-first heap   total 189440K, used 35418K [0x0000000081e00000, 0x0000000100000000)
  region size 1024K, 8 young (8192K), 8 survivors (8192K)
 Metaspace       used 50427K, capacity 51947K, committed 52272K, reserved 1095680K
  class space    used 6370K, capacity 6954K, committed 7040K, reserved 1048576K
}
Event: 5.181 GC heap before
{Heap before GC invocations=15 (full 0):
 garbage-first heap   total 189440K, used 120410K [0x0000000081e00000, 0x0000000100000000)
  region size 1024K, 92 young (94208K), 8 survivors (8192K)
 Metaspace       used 58687K, capacity 60179K, committed 60296K, reserved 1101824K
  class space    used 7554K, capacity 8153K, committed 8192K, reserved 1048576K
}
Event: 5.191 GC heap after
{Heap after GC invocations=16 (full 0):
 garbage-first heap   total 189440K, used 38813K [0x0000000081e00000, 0x0000000100000000)
  region size 1024K, 11 young (11264K), 11 survivors (11264K)
 Metaspace       used 58687K, capacity 60179K, committed 60296K, reserved 1101824K
  class space    used 7554K, capacity 8153K, committed 8192K, reserved 1048576K
}
Event: 6.013 GC heap before
{Heap before GC invocations=17 (full 0):
 garbage-first heap   total 189440K, used 137117K [0x0000000081e00000, 0x0000000100000000)
  region size 1024K, 108 young (110592K), 11 survivors (11264K)
 Metaspace       used 67529K, capacity 69373K, committed 69716K, reserved 1110016K
  class space    used 8811K, capacity 9546K, committed 9676K, reserved 1048576K
}
Event: 6.026 GC heap after
{Heap after GC invocations=18 (full 0):
 garbage-first heap   total 227328K, used 42694K [0x0000000081e00000, 0x0000000100000000)
  region size 1024K, 8 young (8192K), 8 survivors (8192K)
 Metaspace       used 67529K, capacity 69373K, committed 69716K, reserved 1110016K
  class space    used 8811K, capacity 9546K, committed 9676K, reserved 1048576K
}
Event: 29.019 GC heap before
{Heap before GC invocations=19 (full 0):
 garbage-first heap   total 227328K, used 152262K [0x0000000081e00000, 0x0000000100000000)
  region size 1024K, 115 young (117760K), 8 survivors (8192K)
 Metaspace       used 73468K, capacity 75472K, committed 75604K, reserved 1114112K
  class space    used 9583K, capacity 10353K, committed 10444K, reserved 1048576K
}
Event: 29.029 GC heap after
{Heap after GC invocations=20 (full 0):
 garbage-first heap   total 227328K, used 46614K [0x0000000081e00000, 0x0000000100000000)
  region size 1024K, 12 young (12288K), 12 survivors (12288K)
 Metaspace       used 73468K, capacity 75472K, committed 75604K, reserved 1114112K
  class space    used 9583K, capacity 10353K, committed 10444K, reserved 1048576K
}

